<?xml version="1.0" encoding="UTF-8"?>
<!-- Generated by org.testng.reporters.JUnitXMLReporter -->
<testsuite ignored="0" hostname="MSI" failures="0" tests="3" name="Default test" time="16.99" errors="0" timestamp="2024-06-06T16:00:59 IST">
  <testcase classname="functionalTesting.Functionality" name="loginWithValidCredential" time="4.815"/>
  <testcase classname="functionalTesting.Functionality" name="addToCart" time="3.661"/>
  <testcase classname="functionalTesting.Functionality" name="createOrder" time="2.536"/>
</testsuite> <!-- Default test -->
