<?xml version="1.0" encoding="UTF-8"?>
<testng-results ignored="0" total="3" passed="3" failed="0" skipped="0">
  <reporter-output>
  </reporter-output>
  <suite started-at="2024-06-06T16:00:42 IST" name="Default suite" finished-at="2024-06-06T16:00:59 IST" duration-ms="16990">
    <groups>
    </groups>
    <test started-at="2024-06-06T16:00:42 IST" name="Default test" finished-at="2024-06-06T16:00:59 IST" duration-ms="16990">
      <class name="functionalTesting.Functionality">
        <test-method is-config="true" signature="setUp()[pri:0, instance:functionalTesting.Functionality@413d1baf]" started-at="2024-06-06T16:00:42 IST" name="setUp" finished-at="2024-06-06T16:00:47 IST" duration-ms="4869" status="PASS">
          <reporter-output>
          </reporter-output>
        </test-method> <!-- setUp -->
        <test-method is-config="true" signature="genarateReport()[pri:0, instance:functionalTesting.Functionality@413d1baf]" started-at="2024-06-06T16:00:47 IST" name="genarateReport" finished-at="2024-06-06T16:00:48 IST" duration-ms="193" status="PASS">
          <reporter-output>
          </reporter-output>
        </test-method> <!-- genarateReport -->
        <test-method signature="loginWithValidCredential()[pri:0, instance:functionalTesting.Functionality@413d1baf]" started-at="2024-06-06T16:00:48 IST" name="loginWithValidCredential" finished-at="2024-06-06T16:00:52 IST" duration-ms="4815" status="PASS">
          <reporter-output>
          </reporter-output>
        </test-method> <!-- loginWithValidCredential -->
        <test-method signature="addToCart()[pri:1, instance:functionalTesting.Functionality@413d1baf]" started-at="2024-06-06T16:00:52 IST" name="addToCart" finished-at="2024-06-06T16:00:56 IST" duration-ms="3661" status="PASS">
          <reporter-output>
          </reporter-output>
        </test-method> <!-- addToCart -->
        <test-method signature="createOrder()[pri:2, instance:functionalTesting.Functionality@413d1baf]" started-at="2024-06-06T16:00:56 IST" name="createOrder" finished-at="2024-06-06T16:00:59 IST" duration-ms="2536" status="PASS">
          <reporter-output>
          </reporter-output>
        </test-method> <!-- createOrder -->
        <test-method is-config="true" signature="reportFlush()[pri:0, instance:functionalTesting.Functionality@413d1baf]" started-at="2024-06-06T16:00:59 IST" name="reportFlush" finished-at="2024-06-06T16:00:59 IST" duration-ms="382" status="PASS">
          <reporter-output>
          </reporter-output>
        </test-method> <!-- reportFlush -->
        <test-method is-config="true" signature="teardown()[pri:0, instance:functionalTesting.Functionality@413d1baf]" started-at="2024-06-06T16:00:59 IST" name="teardown" finished-at="2024-06-06T16:00:59 IST" duration-ms="448" status="PASS">
          <reporter-output>
          </reporter-output>
        </test-method> <!-- teardown -->
      </class> <!-- functionalTesting.Functionality -->
    </test> <!-- Default test -->
  </suite> <!-- Default suite -->
</testng-results>
